[    0.000000] Linux version 4.15.0-212-generic (buildd@lcy02-amd64-083) (gcc version 7.5.0 (Ubuntu 7.5.0-3ubuntu1~18.04)) #223-Ubuntu SMP Tue May 23 13:09:22 UTC 2023 (Ubuntu 4.15.0-212.223-generic 4.15.18)
[    0.000000] Command line: BOOT_IMAGE=/boot/vmlinuz-4.15.0-212-generic root=LABEL=cloudimg-rootfs ro console=tty1 console=ttyS0
[    0.000000] KERNEL supported cpus:
[    0.000000]   Intel GenuineIntel
[    0.000000]   AMD AuthenticAMD
[    0.000000]   Centaur CentaurHauls
[    0.000000] x86/fpu: Supporting XSAVE feature 0x001: 'x87 floating point registers'
[    0.000000] x86/fpu: Supporting XSAVE feature 0x002: 'SSE registers'
[    0.000000] x86/fpu: Supporting XSAVE feature 0x004: 'AVX registers'
[    0.000000] x86/fpu: xstate_offset[2]:  576, xstate_sizes[2]:  256
[    0.000000] x86/fpu: Enabled xstate features 0x7, context size is 832 bytes, using 'standard' format.
[    0.000000] e820: BIOS-provided physical RAM map:
[    0.000000] BIOS-e820: [mem 0x0000000000000000-0x000000000009fbff] usable
[    0.000000] BIOS-e820: [mem 0x000000000009fc00-0x000000000009ffff] reserved
[    0.000000] BIOS-e820: [mem 0x00000000000f0000-0x00000000000fffff] reserved
[    0.000000] BIOS-e820: [mem 0x0000000000100000-0x000000003ffeffff] usable
[    0.000000] BIOS-e820: [mem 0x000000003fff0000-0x000000003fffffff] ACPI data
[    0.000000] BIOS-e820: [mem 0x00000000fec00000-0x00000000fec00fff] reserved
[    0.000000] BIOS-e820: [mem 0x00000000fee00000-0x00000000fee00fff] reserved
[    0.000000] BIOS-e820: [mem 0x00000000fffc0000-0x00000000ffffffff] reserved
[    0.000000] NX (Execute Disable) protection: active
[    0.000000] SMBIOS 2.5 present.
[    0.000000] DMI: innotek GmbH VirtualBox/VirtualBox, BIOS VirtualBox 12/01/2006
[    0.000000] Hypervisor detected: KVM
[    0.000000] e820: last_pfn = 0x3fff0 max_arch_pfn = 0x400000000
[    0.000000] MTRR: Disabled
[    0.000000] x86/PAT: MTRRs disabled, skipping PAT initialization too.
[    0.000000] CPU MTRRs all blank - virtualized system.
[    0.000000] x86/PAT: Configuration [0-7]: WB  WT  UC- UC  WB  WT  UC- UC  
[    0.000000] found SMP MP-table at [mem 0x0009fff0-0x0009ffff]
[    0.000000] Scanning 1 areas for low memory corruption
[    0.000000] RAMDISK: [mem 0x359cb000-0x36cdcfff]
[    0.000000] ACPI: Early table checksum verification disabled
[    0.000000] ACPI: RSDP 0x00000000000E0000 000024 (v02 VBOX  )
[    0.000000] ACPI: XSDT 0x000000003FFF0030 00003C (v01 VBOX   VBOXXSDT 00000001 ASL  00000061)
[    0.000000] ACPI: FACP 0x000000003FFF00F0 0000F4 (v04 VBOX   VBOXFACP 00000001 ASL  00000061)
[    0.000000] ACPI: DSDT 0x000000003FFF0610 002353 (v02 VBOX   VBOXBIOS 00000002 INTL 20100528)
[    0.000000] ACPI: FACS 0x000000003FFF0200 000040
[    0.000000] ACPI: FACS 0x000000003FFF0200 000040
[    0.000000] ACPI: APIC 0x000000003FFF0240 00005C (v02 VBOX   VBOXAPIC 00000001 ASL  00000061)
[    0.000000] ACPI: SSDT 0x000000003FFF02A0 00036C (v01 VBOX   VBOXCPUT 00000002 INTL 20100528)
[    0.000000] ACPI: Reserving FACP table memory at [mem 0x3fff00f0-0x3fff01e3]
[    0.000000] ACPI: Reserving DSDT table memory at [mem 0x3fff0610-0x3fff2962]
[    0.000000] ACPI: Reserving FACS table memory at [mem 0x3fff0200-0x3fff023f]
[    0.000000] ACPI: Reserving FACS table memory at [mem 0x3fff0200-0x3fff023f]
[    0.000000] ACPI: Reserving APIC table memory at [mem 0x3fff0240-0x3fff029b]
[    0.000000] ACPI: Reserving SSDT table memory at [mem 0x3fff02a0-0x3fff060b]
[    0.000000] No NUMA configuration found
[    0.000000] Faking a node at [mem 0x0000000000000000-0x000000003ffeffff]
[    0.000000] NODE_DATA(0) allocated [mem 0x3ffc5000-0x3ffeffff]
[    0.000000] kvm-clock: cpu 0, msr 0:3ff44001, primary cpu clock
[    0.000000] kvm-clock: Using msrs 4b564d01 and 4b564d00
[    0.000000] kvm-clock: using sched offset of 3204840529 cycles
[    0.000000] clocksource: kvm-clock: mask: 0xffffffffffffffff max_cycles: 0x1cd42e4dffb, max_idle_ns: 881590591483 ns
[    0.000000] Zone ranges:
[    0.000000]   DMA      [mem 0x0000000000001000-0x0000000000ffffff]
[    0.000000]   DMA32    [mem 0x0000000001000000-0x000000003ffeffff]
[    0.000000]   Normal   empty
[    0.000000]   Device   empty
[    0.000000] Movable zone start for each node
[    0.000000] Early memory node ranges
[    0.000000]   node   0: [mem 0x0000000000001000-0x000000000009efff]
[    0.000000]   node   0: [mem 0x0000000000100000-0x000000003ffeffff]
[    0.000000] Reserved but unavailable: 104 pages
[    0.000000] Initmem setup node 0 [mem 0x0000000000001000-0x000000003ffeffff]
[    0.000000] ACPI: PM-Timer IO Port: 0x4008
[    0.000000] IOAPIC[0]: apic_id 2, version 32, address 0xfec00000, GSI 0-23
[    0.000000] ACPI: INT_SRC_OVR (bus 0 bus_irq 0 global_irq 2 dfl dfl)
[    0.000000] ACPI: INT_SRC_OVR (bus 0 bus_irq 9 global_irq 9 low level)
[    0.000000] Using ACPI (MADT) for SMP configuration information
[    0.000000] smpboot: Allowing 2 CPUs, 0 hotplug CPUs
[    0.000000] PM: Registered nosave memory: [mem 0x00000000-0x00000fff]
[    0.000000] PM: Registered nosave memory: [mem 0x0009f000-0x0009ffff]
[    0.000000] PM: Registered nosave memory: [mem 0x000a0000-0x000effff]
[    0.000000] PM: Registered nosave memory: [mem 0x000f0000-0x000fffff]
[    0.000000] e820: [mem 0x40000000-0xfebfffff] available for PCI devices
[    0.000000] Booting paravirtualized kernel on KVM
[    0.000000] clocksource: refined-jiffies: mask: 0xffffffff max_cycles: 0xffffffff, max_idle_ns: 7645519600211568 ns
[    0.000000] setup_percpu: NR_CPUS:8192 nr_cpumask_bits:2 nr_cpu_ids:2 nr_node_ids:1
[    0.000000] percpu: Embedded 50 pages/cpu s167936 r8192 d28672 u1048576
[    0.000000] PV qspinlock hash table entries: 256 (order: 0, 4096 bytes)
[    0.000000] Built 1 zonelists, mobility grouping on.  Total pages: 257913
[    0.000000] Policy zone: DMA32
[    0.000000] Kernel command line: BOOT_IMAGE=/boot/vmlinuz-4.15.0-212-generic root=LABEL=cloudimg-rootfs ro console=tty1 console=ttyS0
[    0.000000] Memory: 982644K/1048120K available (12300K kernel code, 2477K rwdata, 4324K rodata, 2480K init, 2720K bss, 65476K reserved, 0K cma-reserved)
[    0.000000] SLUB: HWalign=64, Order=0-3, MinObjects=0, CPUs=2, Nodes=1
[    0.000000] Kernel/User page tables isolation: enabled
[    0.000000] ftrace: allocating 39508 entries in 155 pages
[    0.004000] Hierarchical RCU implementation.
[    0.004000] 	RCU restricting CPUs from NR_CPUS=8192 to nr_cpu_ids=2.
[    0.004000] 	Tasks RCU enabled.
[    0.004000] RCU: Adjusting geometry for rcu_fanout_leaf=16, nr_cpu_ids=2
[    0.004000] NR_IRQS: 524544, nr_irqs: 440, preallocated irqs: 16
[    0.004000] random: crng init done
[    0.004000] Console: colour VGA+ 80x25
[    0.004000] console [tty1] enabled
[    0.004000] console [ttyS0] enabled
[    0.004000] ACPI: Core revision 20170831
[    0.004000] ACPI: 2 ACPI AML tables successfully acquired and loaded
[    0.004000] APIC: Switch to symmetric I/O mode setup
[    0.004000] x2apic enabled
[    0.004000] Switched APIC routing to physical x2apic.
[    0.004000] ..TIMER: vector=0x30 apic1=0 pin1=2 apic2=-1 pin2=-1
[    0.004006] tsc: Detected 1392.000 MHz processor
[    0.005112] Calibrating delay loop (skipped) preset value.. 2784.00 BogoMIPS (lpj=5568000)
[    0.008009] pid_max: default: 32768 minimum: 301
[    0.008932] Security Framework initialized
[    0.010223] Yama: becoming mindful.
[    0.012039] AppArmor: AppArmor initialized
[    0.016034] Dentry cache hash table entries: 131072 (order: 8, 1048576 bytes)
[    0.017708] Inode-cache hash table entries: 65536 (order: 7, 524288 bytes)
[    0.019306] Mount-cache hash table entries: 2048 (order: 2, 16384 bytes)
[    0.020042] Mountpoint-cache hash table entries: 2048 (order: 2, 16384 bytes)
[    0.022157] Last level iTLB entries: 4KB 64, 2MB 8, 4MB 8
[    0.024007] Last level dTLB entries: 4KB 64, 2MB 0, 4MB 0, 1GB 4
[    0.025809] Spectre V1 : Mitigation: usercopy/swapgs barriers and __user pointer sanitization
[    0.028006] Spectre V2 : Mitigation: Retpolines
[    0.029436] Spectre V2 : Spectre v2 / SpectreRSB mitigation: Filling RSB on context switch
[    0.032005] Spectre V2 : Spectre v2 / SpectreRSB : Filling RSB on VMEXIT
[    0.033218] RETBleed: WARNING: Spectre v2 mitigation leaves CPU vulnerable to RETBleed attacks, data leaks possible!
[    0.036004] RETBleed: Vulnerable
[    0.036611] Speculative Store Bypass: Vulnerable
[    0.037626] MDS: Mitigation: Clear CPU buffers
[    0.038544] MMIO Stale Data: Mitigation: Clear CPU buffers
[    0.039774] SRBDS: Unknown: Dependent on hypervisor status
[    0.040231] Freeing SMP alternatives memory: 36K
[    0.153516] smpboot: CPU0: Intel(R) Core(TM) i5-8257U CPU @ 1.40GHz (family: 0x6, model: 0x8e, stepping: 0xa)
[    0.156000] Performance Events: unsupported p6 CPU model 142 no PMU driver, software events only.
[    0.156064] Hierarchical SRCU implementation.
[    0.157871] NMI watchdog: Perf event create on CPU 0 failed with -2
[    0.160004] NMI watchdog: Perf NMI watchdog permanently disabled
[    0.161858] smp: Bringing up secondary CPUs ...
[    0.164094] x86: Booting SMP configuration:
[    0.165202] .... node  #0, CPUs:      #1
[    0.004000] kvm-clock: cpu 1, msr 0:3ff44041, secondary cpu clock
[    0.170240] smp: Brought up 1 node, 2 CPUs
[    0.170240] smpboot: Max logical packages: 1
[    0.172020] smpboot: Total of 2 processors activated (5568.00 BogoMIPS)
[    0.174351] devtmpfs: initialized
[    0.176096] x86/mm: Memory block size: 128MB
[    0.177637] evm: security.selinux
[    0.180013] evm: security.SMACK64
[    0.181057] evm: security.SMACK64EXEC
[    0.182250] evm: security.SMACK64TRANSMUTE
[    0.183422] evm: security.SMACK64MMAP
[    0.184012] evm: security.apparmor
[    0.185398] evm: security.ima
[    0.188009] evm: security.capability
[    0.189142] clocksource: jiffies: mask: 0xffffffff max_cycles: 0xffffffff, max_idle_ns: 7645041785100000 ns
[    0.192033] futex hash table entries: 512 (order: 3, 32768 bytes)
[    0.193705] pinctrl core: initialized pinctrl subsystem
[    0.196172] RTC time:  4:17:10, date: 08/22/24
[    0.200206] NET: Registered protocol family 16
[    0.201388] audit: initializing netlink subsys (disabled)
[    0.203090] audit: type=2000 audit(1724300235.240:1): state=initialized audit_enabled=0 res=1
[    0.204064] cpuidle: using governor ladder
[    0.208018] cpuidle: using governor menu
[    0.209041] ACPI: bus type PCI registered
[    0.210112] acpiphp: ACPI Hot Plug PCI Controller Driver version: 0.5
[    0.212162] PCI: Using configuration type 1 for base access
[    0.216315] HugeTLB registered 2.00 MiB page size, pre-allocated 0 pages
[    0.218125] ACPI: Added _OSI(Module Device)
[    0.220009] ACPI: Added _OSI(Processor Device)
[    0.221476] ACPI: Added _OSI(3.0 _SCP Extensions)
[    0.224015] ACPI: Added _OSI(Processor Aggregator Device)
[    0.225745] ACPI: Added _OSI(Linux-Dell-Video)
[    0.227278] ACPI: Added _OSI(Linux-Lenovo-NV-HDMI-Audio)
[    0.228009] ACPI: Added _OSI(Linux-HPI-Hybrid-Graphics)
[    0.229927] ACPI: Executed 1 blocks of module-level executable AML code
[    0.239503] ACPI: Interpreter enabled
[    0.240027] ACPI: (supports S0 S5)
[    0.240950] ACPI: Using IOAPIC for interrupt routing
[    0.242774] PCI: Using host bridge windows from ACPI; if necessary, use "pci=nocrs" and report a bug
[    0.244223] ACPI: Enabled 2 GPEs in block 00 to 07
[    0.257398] ACPI: PCI Root Bridge [PCI0] (domain 0000 [bus 00-ff])
[    0.259127] acpi PNP0A03:00: _OSC: OS supports [ASPM ClockPM Segments MSI]
[    0.260996] acpi PNP0A03:00: _OSC: not requesting OS control; OS requires [ExtendedConfig ASPM ClockPM MSI]
[    0.264024] acpi PNP0A03:00: fail to add MMCONFIG information, can't access extended PCI configuration space under this bridge.
[    0.268568] PCI host bridge to bus 0000:00
[    0.270681] pci_bus 0000:00: root bus resource [io  0x0000-0x0cf7 window]
[    0.272008] pci_bus 0000:00: root bus resource [io  0x0d00-0xffff window]
[    0.273976] pci_bus 0000:00: root bus resource [mem 0x000a0000-0x000bffff window]
[    0.276008] pci_bus 0000:00: root bus resource [mem 0x40000000-0xfdffffff window]
[    0.278248] pci_bus 0000:00: root bus resource [bus 00-ff]
[    0.282869] pci 0000:00:01.1: legacy IDE quirk: reg 0x10: [io  0x01f0-0x01f7]
[    0.284008] pci 0000:00:01.1: legacy IDE quirk: reg 0x14: [io  0x03f6]
[    0.285816] pci 0000:00:01.1: legacy IDE quirk: reg 0x18: [io  0x0170-0x0177]
[    0.288009] pci 0000:00:01.1: legacy IDE quirk: reg 0x1c: [io  0x0376]
[    0.320418] pci 0000:00:07.0: quirk: [io  0x4000-0x403f] claimed by PIIX4 ACPI
[    0.322654] pci 0000:00:07.0: quirk: [io  0x4100-0x410f] claimed by PIIX4 SMB
[    0.336632] ACPI: PCI Interrupt Link [LNKA] (IRQs 5 9 10 *11)
[    0.338217] ACPI: PCI Interrupt Link [LNKB] (IRQs 5 9 *10 11)
[    0.339933] ACPI: PCI Interrupt Link [LNKC] (IRQs 5 *9 10 11)
[    0.340194] ACPI: PCI Interrupt Link [LNKD] (IRQs 5 9 10 *11)
[    0.342338] SCSI subsystem initialized
[    0.344053] pci 0000:00:02.0: vgaarb: setting as boot VGA device
[    0.345313] pci 0000:00:02.0: vgaarb: VGA device added: decodes=io+mem,owns=io+mem,locks=none
[    0.347067] pci 0000:00:02.0: vgaarb: bridge control possible
[    0.348011] vgaarb: loaded
[    0.348664] ACPI: bus type USB registered
[    0.349480] usbcore: registered new interface driver usbfs
[    0.352017] usbcore: registered new interface driver hub
[    0.353193] usbcore: registered new device driver usb
[    0.354789] EDAC MC: Ver: 3.0.0
[    0.356328] PCI: Using ACPI for IRQ routing
[    0.357130] NetLabel: Initializing
[    0.357779] NetLabel:  domain hash size = 128
[    0.358583] NetLabel:  protocols = UNLABELED CIPSOv4 CALIPSO
[    0.359629] NetLabel:  unlabeled traffic allowed by default
[    0.360063] clocksource: Switched to clocksource kvm-clock
[    0.381443] VFS: Disk quotas dquot_6.6.0
[    0.382242] VFS: Dquot-cache hash table entries: 512 (order 0, 4096 bytes)
[    0.383486] AppArmor: AppArmor Filesystem Enabled
[    0.384385] pnp: PnP ACPI init
[    0.386847] pnp: PnP ACPI: found 3 devices
[    0.395545] clocksource: acpi_pm: mask: 0xffffff max_cycles: 0xffffff, max_idle_ns: 2085701024 ns
[    0.397235] NET: Registered protocol family 2
[    0.398096] IP idents hash table entries: 16384 (order: 5, 131072 bytes)
[    0.401957] TCP established hash table entries: 8192 (order: 4, 65536 bytes)
[    0.403180] TCP bind hash table entries: 8192 (order: 5, 131072 bytes)
[    0.404429] TCP: Hash tables configured (established 8192 bind 8192)
[    0.405756] UDP hash table entries: 512 (order: 2, 16384 bytes)
[    0.406866] UDP-Lite hash table entries: 512 (order: 2, 16384 bytes)
[    0.408043] NET: Registered protocol family 1
[    0.409452] pci 0000:00:00.0: Limiting direct PCI/PCI transfers
[    0.411170] pci 0000:00:01.0: Activating ISA DMA hang workarounds
[    0.412995] pci 0000:00:02.0: Video device with shadowed ROM at [mem 0x000c0000-0x000dffff]
[    0.415796] Unpacking initramfs...
[    0.797195] Freeing initrd memory: 19528K
[    0.798162] clocksource: tsc: mask: 0xffffffffffffffff max_cycles: 0x14109b0720d, max_idle_ns: 440795259878 ns
[    0.799941] platform rtc_cmos: registered platform RTC device (no PNP device found)
[    0.801336] Scanning for low memory corruption every 60 seconds
[    0.803213] Initialise system trusted keyrings
[    0.804105] Key type blacklist registered
[    0.805323] workingset: timestamp_bits=36 max_order=18 bucket_order=0
[    0.807735] zbud: loaded
[    0.808938] squashfs: version 4.0 (2009/01/31) Phillip Lougher
[    0.810319] fuse init (API version 7.26)
[    0.812781] Key type asymmetric registered
[    0.813590] Asymmetric key parser 'x509' registered
[    0.814591] Block layer SCSI generic (bsg) driver version 0.4 loaded (major 246)
[    0.816125] io scheduler noop registered
[    0.816881] io scheduler deadline registered
[    0.817744] io scheduler cfq registered (default)
[    0.818952] ACPI: AC Adapter [AC] (on-line)
[    0.819808] input: Power Button as /devices/LNXSYSTM:00/LNXPWRBN:00/input/input0
[    0.821320] ACPI: Power Button [PWRF]
[    0.822108] input: Sleep Button as /devices/LNXSYSTM:00/LNXSLPBN:00/input/input1
[    0.823487] ACPI: Sleep Button [SLPF]
[    0.825190] ACPI: Battery Slot [BAT0] (battery present)
[    0.826236] Serial: 8250/16550 driver, 32 ports, IRQ sharing enabled
[    0.848070] 00:02: ttyS0 at I/O 0x3f8 (irq = 4, base_baud = 115200) is a 16550A
[    0.852658] Linux agpgart interface v0.103
[    0.857302] loop: module loaded
[    0.858661] scsi host0: ata_piix
[    0.859540] scsi host1: ata_piix
[    0.860218] ata1: PATA max UDMA/33 cmd 0x1f0 ctl 0x3f6 bmdma 0xd000 irq 14
[    0.861396] ata2: PATA max UDMA/33 cmd 0x170 ctl 0x376 bmdma 0xd008 irq 15
[    0.862869] tun: Universal TUN/TAP device driver, 1.6
[    0.864038] PPP generic driver version 2.4.2
[    0.865094] ehci_hcd: USB 2.0 'Enhanced' Host Controller (EHCI) Driver
[    0.866447] ehci-pci: EHCI PCI platform driver
[    0.867376] ehci-platform: EHCI generic platform driver
[    0.868649] ohci_hcd: USB 1.1 'Open' Host Controller (OHCI) Driver
[    0.869928] ohci-pci: OHCI PCI platform driver
[    0.870887] ohci-platform: OHCI generic platform driver
[    0.872030] uhci_hcd: USB Universal Host Controller Interface driver
[    0.873398] i8042: PNP: PS/2 Controller [PNP0303:PS2K,PNP0f03:PS2M] at 0x60,0x64 irq 1,12
[    0.875535] serio: i8042 KBD port at 0x60,0x64 irq 1
[    0.876632] serio: i8042 AUX port at 0x60,0x64 irq 12
[    0.877765] mousedev: PS/2 mouse device common for all mice
[    0.879278] input: AT Translated Set 2 keyboard as /devices/platform/i8042/serio0/input/input2
[    0.880058] rtc_cmos rtc_cmos: rtc core: registered rtc_cmos as rtc0
[    0.882301] rtc_cmos rtc_cmos: alarms up to one day, 114 bytes nvram
[    0.883602] i2c /dev entries driver
[    0.884450] device-mapper: uevent: version 1.0.3
[    0.885813] device-mapper: ioctl: 4.37.0-ioctl (2017-09-20) initialised: dm-devel@redhat.com
[    0.888036] ledtrig-cpu: registered to indicate activity on CPUs
[    0.889660] NET: Registered protocol family 10
[    0.894425] Segment Routing with IPv6
[    0.895436] NET: Registered protocol family 17
[    0.896648] Key type dns_resolver registered
[    0.897637] mce: Using 0 MCE banks
[    0.898349] RAS: Correctable Errors collector initialized.
[    0.899336] sched_clock: Marking stable (897573605, 0)->(1104453838, -206880233)
[    0.900910] registered taskstats version 1
[    0.901773] Loading compiled-in X.509 certificates
[    0.904886] Loaded X.509 cert 'Build time autogenerated kernel key: b5b26778eaa3ab3a4a6cee031137706e947d12ad'
[    0.907467] Loaded X.509 cert 'Canonical Ltd. Live Patch Signing: 14df34d1a87cf37625abec039ef2bf521249b969'
[    0.909908] Loaded X.509 cert 'Canonical Ltd. Kernel Module Signing: 88f752e560a1e0737e31163a466ad7b70a850c19'
[    0.911938] blacklist: Loading compiled-in revocation X.509 certificates
[    0.913329] Loaded X.509 cert 'Canonical Ltd. Secure Boot Signing: 61482aa2830d0ab2ad5af10b7250da9033ddcef0'
[    0.915196] Loaded X.509 cert 'Canonical Ltd. Secure Boot Signing (2017): 242ade75ac4a15e50d50c84b0d45ff3eae707a03'
[    0.917067] Loaded X.509 cert 'Canonical Ltd. Secure Boot Signing (ESM 2018): 365188c1d374d6b07c3c8f240f8ef722433d6a8b'
[    0.919025] Loaded X.509 cert 'Canonical Ltd. Secure Boot Signing (2019): c0746fd6c5da3ae827864651ad66ae47fe24b3e8'
[    0.920874] Loaded X.509 cert 'Canonical Ltd. Secure Boot Signing (2021 v1): a8d54bbb3825cfb94fa13c9f8a594a195c107b8d'
[    0.922731] Loaded X.509 cert 'Canonical Ltd. Secure Boot Signing (2021 v2): 4cf046892d6fd3c9a5b03f98d845f90851dc6a8c'
[    0.924693] Loaded X.509 cert 'Canonical Ltd. Secure Boot Signing (2021 v3): 100437bb6de6e469b581e61cd66bce3ef4ed53af'
[    0.926654] Loaded X.509 cert 'Canonical Ltd. Secure Boot Signing (Ubuntu Core 2019): c1d57b8f6b743f23ee41f4f7ee292f06eecadfb9'
[    0.928697] zswap: loaded using pool lzo/zbud
[    0.932434] Key type big_key registered
[    0.933147] Key type trusted registered
[    0.935247] Key type encrypted registered
[    0.935987] AppArmor: AppArmor sha1 policy hashing enabled
[    0.937021] ima: No TPM chip found, activating TPM-bypass! (rc=-19)
[    0.938158] ima: Allocated hash algorithm: sha1
[    0.938963] evm: HMAC attrs: 0x1
[    0.939815]   Magic number: 4:806:262
[    0.940663] rtc_cmos rtc_cmos: setting system clock to 2024-08-22 04:17:11 UTC (1724300231)
[    0.942417] BIOS EDD facility v0.16 2004-Jun-25, 0 devices found
[    0.943615] EDD information not available.
[    1.046414] Freeing unused kernel image memory: 2480K
[    1.060160] Write protecting the kernel read-only data: 20480k
[    1.062521] Freeing unused kernel image memory: 2008K
[    1.064248] Freeing unused kernel image memory: 1820K
[    1.079806] x86/mm: Checked W+X mappings: passed, no W+X pages found.
[    1.082290] x86/mm: Checking user space page tables
[    1.095200] x86/mm: Checked W+X mappings: passed, no W+X pages found.
Loading, please wait...
starting version 237
[    1.191881] e1000: Intel(R) PRO/1000 Network Driver - version 7.3.21-k8-NAPI
[    1.193567] e1000: Copyright (c) 1999-2006 Intel Corporation.
[    1.197511] Fusion MPT base driver 3.04.20
[    1.198556] Copyright (c) 1999-2008 LSI Corporation
[    1.214876] AVX2 version of gcm_enc/dec engaged.
[    1.215889] AES CTR mode by8 optimization enabled
[    1.224682] Fusion MPT SPI Host driver 3.04.20
[    1.441097] input: ImExPS/2 Generic Explorer Mouse as /devices/platform/i8042/serio1/input/input4
[    1.833084] e1000 0000:00:03.0 eth0: (PCI:33MHz:32-bit) 02:3b:7b:b7:3b:2d
[    1.834559] e1000 0000:00:03.0 eth0: Intel(R) PRO/1000 Network Connection
[    2.826960] e1000 0000:00:08.0 eth1: (PCI:33MHz:32-bit) 08:00:27:75:b2:ed
[    2.828295] e1000 0000:00:08.0 eth1: Intel(R) PRO/1000 Network Connection
[    2.831432] e1000 0000:00:08.0 enp0s8: renamed from eth1
[    2.832885] mptbase: ioc0: Initiating bringup
[    2.852554] e1000 0000:00:03.0 enp0s3: renamed from eth0
[    3.762722] ioc0: LSI53C1030 A0: Capabilities={Initiator}
[    6.622411] scsi host2: ioc0: LSI53C1030 A0, FwRev=00000000h, Ports=1, MaxQ=256, IRQ=20
[    8.145209] scsi 2:0:0:0: Direct-Access     VBOX     HARDDISK         1.0  PQ: 0 ANSI: 5
[    8.176629] scsi target2:0:0: Beginning Domain Validation
[    8.180904] scsi target2:0:0: Domain Validation skipping write tests
[    8.182180] scsi target2:0:0: Ending Domain Validation
[    8.183502] scsi target2:0:0: asynchronous
[    8.185292] scsi 2:0:1:0: Direct-Access     VBOX     HARDDISK         1.0  PQ: 0 ANSI: 5
[    8.216635] scsi target2:0:1: Beginning Domain Validation
[    8.220256] scsi target2:0:1: Domain Validation skipping write tests
[    8.221602] scsi target2:0:1: Ending Domain Validation
[    8.222778] scsi target2:0:1: asynchronous
[    8.229118] sd 2:0:0:0: Attached scsi generic sg0 type 0
[    8.230703] sd 2:0:0:0: [sda] 83886080 512-byte logical blocks: (42.9 GB/40.0 GiB)
[    8.232530] sd 2:0:0:0: [sda] Write Protect is off
[    8.233926] sd 2:0:0:0: [sda] Incomplete mode parameter data
[    8.235737] sd 2:0:0:0: [sda] Assuming drive cache: write through
[    8.237486] sd 2:0:1:0: [sdb] 20480 512-byte logical blocks: (10.5 MB/10.0 MiB)
[    8.239623] sd 2:0:1:0: [sdb] Write Protect is off
[    8.241366] sd 2:0:1:0: Attached scsi generic sg1 type 0
[    8.242940] sd 2:0:1:0: [sdb] Incomplete mode parameter data
[    8.243427]  sda: sda1
[    8.244530] sd 2:0:1:0: [sdb] Assuming drive cache: write through
[    8.248175] sd 2:0:0:0: [sda] Attached SCSI disk
[    8.251942] sd 2:0:1:0: [sdb] Attached SCSI disk
Begin: Loading essential drivers ... [   10.076452] raid6: sse2x1   gen() 12254 MB/s
[   10.124406] raid6: sse2x1   xor()  8301 MB/s
[   10.172148] raid6: sse2x2   gen() 14663 MB/s
[   10.220908] raid6: sse2x2   xor()  8965 MB/s
[   10.268721] raid6: sse2x4   gen() 15495 MB/s
[   10.316571] raid6: sse2x4   xor()  7360 MB/s
[   10.364377] raid6: avx2x1   gen() 11489 MB/s
[   10.412201] raid6: avx2x1   xor() 14635 MB/s
[   10.460070] raid6: avx2x2   gen() 27950 MB/s
[   10.508848] raid6: avx2x2   xor() 18947 MB/s
[   10.556695] raid6: avx2x4   gen() 32967 MB/s
[   10.604468] raid6: avx2x4   xor() 17880 MB/s
[   10.605557] raid6: using algorithm avx2x4 gen() 32967 MB/s
[   10.606820] raid6: .... xor() 17880 MB/s, rmw enabled
[   10.607942] raid6: using avx2x2 recovery algorithm
[   10.610106] xor: automatically using best checksumming function   avx       
[   10.612661] async_tx: api initialized (async)
done.
Begin: Running /scripts/init-premount ... done.
Begin: Mounting root file system ... Begin: Running /scripts/local-top ... done.
Begin: Running /scripts/local-premount ... [   10.660749] Btrfs loaded, crc32c=crc32c-intel
Scanning for Btrfs filesystems
done.
Warning: fsck not present, so skipping root file system
[   10.689862] EXT4-fs (sda1): INFO: recovery required on readonly filesystem
[   10.691337] EXT4-fs (sda1): write access will be enabled during recovery
[   10.711211] EXT4-fs (sda1): recovery complete
[   10.712647] EXT4-fs (sda1): mounted filesystem with ordered data mode. Opts: (null)
done.
Begin: Running /scripts/local-bottom ... done.
Begin: Running /scripts/init-bottom ... done.
[   10.927021] ip_tables: (C) 2000-2006 Netfilter Core Team
[   10.941031] systemd[1]: systemd 237 running in system mode. (+PAM +AUDIT +SELINUX +IMA +APPARMOR +SMACK +SYSVINIT +UTMP +LIBCRYPTSETUP +GCRYPT +GNUTLS +ACL +XZ +LZ4 +SECCOMP +BLKID +ELFUTILS +KMOD -IDN2 +IDN -PCRE2 default-hierarchy=hybrid)
[   10.945575] systemd[1]: Detected virtualization oracle.
[   10.946687] systemd[1]: Detected architecture x86-64.

Welcome to [1mUbuntu 18.04.6 LTS[0m!

[   10.965452] systemd[1]: Set hostname to <web03>.
[   11.348690] systemd[1]: Reached target Swap.
[[0;32m  OK  [0m] Reached target Swap.
[   11.360634] systemd[1]: Started Forward Password Requests to Wall Directory Watch.
[[0;32m  OK  [0m] Started Forward Password Requests to Wall Directory Watch.
[   11.372431] systemd[1]: Set up automount Arbitrary Executable File Formats File System Automount Point.
[[0;32m  OK  [0m] Set up automount Arbitrary Executab…rmats File System Automount Point.
[   11.384929] systemd[1]: Reached target User and Group Name Lookups.
[[0;32m  OK  [0m] Reached target User and Group Name Lookups.
[   11.396665] systemd[1]: Reached target Mounting snaps.
[[0;32m  OK  [0m] Reached target Mounting snaps.
[   11.408868] systemd[1]: Reached target Mounted snaps.
[[0;32m  OK  [0m] Reached target Mounted snaps.
[[0;32m  OK  [0m] Reached target System Time Synchronized.
[[0;32m  OK  [0m] Created slice User and Session Slice.
[[0;32m  OK  [0m] Created slice System Slice.
[[0;32m  OK  [0m] Listening on Network Service Netlink Socket.
[[0;32m  OK  [0m] Listening on /dev/initctl Compatibility Named Pipe.
[[0;32m  OK  [0m] Listening on Journal Socket.
         Mounting POSIX Message Queue File System...
[[0;32m  OK  [0m] Listening on udev Control Socket.
[[0;32m  OK  [0m] Listening on Journal Socket (/dev/log).
         Starting Load Kernel Modules...
         Mounting Kernel Debug File System...
[[0;32m  OK  [0m] Listening on LVM2 metadata daemon socket.
[[0;32m  OK  [0m] Reached target Slices.
[   11.535938] Loading iSCSI transport class v2.0-870.
[   11.542924] iscsi: registered transport (tcp)
         Starting Set the console keyboard layout...
[[0;32m  OK  [0m] Listening on Journal Audit Socket.
[[0;32m  OK  [0m] Listening on fsck to fsckd communication Socket.
[   11.562372] iscsi: registered transport (iser)
[[0;32m  OK  [0m] Listening on LVM2 poll daemon socket.
[[0;32m  OK  [0m] Listening on Syslog Socket.
         Starting Journal Service...
         Starting Create list of required st…ce nodes for the current kernel...
         Starting File System Check on Root Device...
[[0;32m  OK  [0m] Listening on Device-mapper event daemon FIFOs.
         Starting Monitoring of LVM2 mirrors…ng dmeventd or progress polling...
[[0;32m  OK  [0m] Listening on udev Kernel Socket.
         Starting udev Coldplug all Devices...
         Starting Uncomplicated firewall...
[[0;32m  OK  [0m] Created slice system-serial\x2dgetty.slice.
         Mounting Huge Pages File System...
[[0;32m  OK  [0m] Mounted POSIX Message Queue File System.
[[0;32m  OK  [0m] Started Load Kernel Modules.
[[0;32m  OK  [0m] Mounted Kernel Debug File System.
[[0;32m  OK  [0m] Started Create list of required sta…vice nodes for the current kernel.
[[0;32m  OK  [0m] Mounted Huge Pages File System.
[[0;32m  OK  [0m] Started File System Check Daemon to report status.
         Starting Create Static Device Nodes in /dev...
         Mounting FUSE Control File System...
         Mounting Kernel Configuration File System...
         Starting Apply Kernel Variables...
[[0;32m  OK  [0m] Started Journal Service.
[[0;32m  OK  [0m] Mounted FUSE Control File System.
[[0;32m  OK  [0m] Mounted Kernel Configuration File System.
[[0;32m  OK  [0m] Started LVM2 metadata daemon.
[[0;32m  OK  [0m] Started Uncomplicated firewall.
[[0;32m  OK  [0m] Started udev Coldplug all Devices.
[[0;32m  OK  [0m] Started Create Static Device Nodes in /dev.
[[0;32m  OK  [0m] Started File System Check on Root Device.
         Starting Remount Root and Kernel File Systems...
[[0;32m  OK  [0m] Started Monitoring of LVM2 mirrors,…sing dmeventd or progress polling.
[[0;32m  OK  [0m] Started Apply Kernel Variables.
[[0;32m  OK  [0m] Started Remount Root and Kernel File Systems.
         Starting Flush Journal to Persistent Storage...
         Starting Load/Save Random Seed...
         Starting udev Kernel Device Manager...
[[0;32m  OK  [0m] Started Load/Save Random Seed.
[[0;32m  OK  [0m] Started udev Kernel Device Manager.
[[0;32m  OK  [0m] Started Set the console keyboard layout.
[[0;32m  OK  [0m] Reached target Local File Systems (Pre).
[[0;32m  OK  [0m] Reached target Local File Systems.
         Starting Set console font and keymap...
         Starting ebtables ruleset management...
         Starting Tell Plymouth To Write Out Runtime Data...
         Starting AppArmor initialization...
[[0;32m  OK  [0m] Started Dispatch Password Requests to Console Directory Watch.
[[0;32m  OK  [0m] Reached target Local Encrypted Volumes.
[[0;32m  OK  [0m] Started Set console font and keymap.
[[0;32m  OK  [0m] Started Tell Plymouth To Write Out Runtime Data.
[[0;32m  OK  [0m] Started Flush Journal to Persistent Storage.
         Starting Create Volatile Files and Directories...
[[0;32m  OK  [0m] Started Create Volatile Files and Directories.
         Starting Update UTMP about System Boot/Shutdown...
[[0;32m  OK  [0m] Started Update UTMP about System Boot/Shutdown.
[[0;32m  OK  [0m] Started ebtables ruleset management.
[[0;32m  OK  [0m] Found device /dev/ttyS0.
[[0;32m  OK  [0m] Started AppArmor initialization.
         Starting Load AppArmor profiles managed internally by snapd...
         Starting Initial cloud-init job (pre-networking)...
         Mounting Arbitrary Executable File Formats File System...
[[0;32m  OK  [0m] Listening on Load/Save RF Kill Switch Status /dev/rfkill Watch.
[[0;32m  OK  [0m] Mounted Arbitrary Executable File Formats File System.
[[0;32m  OK  [0m] Started Load AppArmor profiles managed internally by snapd.
[   14.075181] cloud-init[553]: Cloud-init v. 23.1.2-0ubuntu0~18.04.1 running 'init-local' at Thu, 22 Aug 2024 04:17:24 +0000. Up 13.83 seconds.
[[0;32m  OK  [0m] Started Initial cloud-init job (pre-networking).
[[0;32m  OK  [0m] Reached target Network (Pre).
         Starting Network Service...
[[0;32m  OK  [0m] Started Network Service.
         Starting Wait for Network to be Configured...
         Starting Network Name Resolution...
[[0;32m  OK  [0m] Started Network Name Resolution.
[[0;32m  OK  [0m] Reached target Host and Network Name Lookups.
[[0;32m  OK  [0m] Reached target Network.
[[0;32m  OK  [0m] Started Wait for Network to be Configured.
         Starting Initial cloud-init job (metadata service crawler)...
[   17.016481] cloud-init[669]: Cloud-init v. 23.1.2-0ubuntu0~18.04.1 running 'init' at Thu, 22 Aug 2024 04:17:27 +0000. Up 16.78 seconds.
[   17.018631] cloud-init[669]: ci-info: ++++++++++++++++++++++++++++++++++++++Net device info+++++++++++++++++++++++++++++++++++++++
[   17.028284] cloud-init[669]: ci-info: +--------+------+-----------------------------+---------------+--------+-------------------+
[   17.040219] cloud-init[669]: ci-info: | Device |  Up  |           Address           |      Mask     | Scope  |     Hw-Address    |
[   17.041461] cloud-init[669]: ci-info: +--------+------+-----------------------------+---------------+--------+-------------------+
[   17.042659] cloud-init[669]: ci-info: | enp0s3 | True |          10.0.2.15          | 255.255.255.0 | global | 02:3b:7b:b7:3b:2d |
[   17.052326] cloud-init[669]: ci-info: | enp0s3 | True |  fe80::3b:7bff:feb7:3b2d/64 |       .       |  link  | 02:3b:7b:b7:3b:2d |
[   17.064254] cloud-init[669]: ci-info: | enp0s8 | True |        192.168.10.15        | 255.255.255.0 | global | 08:00:27:75:b2:ed |
[   17.080228] cloud-init[669]: ci-info: | enp0s8 | True | fe80::a00:27ff:fe75:b2ed/64 |       .       |  link  | 08:00:27:75:b2:ed |
[   17.092249] cloud-init[669]: ci-info: |   lo   | True |          127.0.0.1          |   255.0.0.0   |  host  |         .         |
[   17.104226] cloud-init[669]: ci-info: |   lo   | True |           ::1/128           |       .       |  host  |         .         |
[   17.106170] cloud-init[669]: ci-info: +--------+------+-----------------------------+---------------+--------+-------------------+
[   17.107997] cloud-init[669]: ci-info: +++++++++++++++++++++++++++++Route IPv4 info+++++++++++++++++++++++++++++
[   17.109411] cloud-init[669]: ci-info: +-------+--------------+----------+-----------------+-----------+-------+
[   17.111329] cloud-init[669]: ci-info: | Route | Destination  | Gateway  |     Genmask     | Interface | Flags |
[   17.120401] cloud-init[669]: ci-info: +-------+--------------+----------+-----------------+-----------+-------+
[   17.122008] cloud-init[669]: ci-info: |   0   |   0.0.0.0    | 10.0.2.2 |     0.0.0.0     |   enp0s3  |   UG  |
[   17.123768] cloud-init[669]: ci-info: |   1   |   10.0.2.0   | 0.0.0.0  |  255.255.255.0  |   enp0s3  |   U   |
[   17.136429] cloud-init[669]: ci-info: |   2   |   10.0.2.2   | 0.0.0.0  | 255.255.255.255 |   enp0s3  |   UH  |
[   17.138475] cloud-init[669]: ci-info: |   3   | 192.168.10.0 | 0.0.0.0  |  255.255.255.0  |   enp0s8  |   U   |
[   17.148330] cloud-init[669]: ci-info: +-------+--------------+----------+-----------------+-----------+-------+
[   17.150144] cloud-init[669]: ci-info: +++++++++++++++++++Route IPv6 info+++++++++++++++++++
[   17.151970] cloud-init[669]: ci-info: +-------+-------------+---------+-----------+-------+
[   17.164347] cloud-init[669]: ci-info: | Route | Destination | Gateway | Interface | Flags |
[   17.165722] cloud-init[669]: ci-info: +-------+-------------+---------+-----------+-------+
[   17.167973] cloud-init[669]: ci-info: |   1   |  fe80::/64  |    ::   |   enp0s8  |   U   |
[   17.180268] cloud-init[669]: ci-info: |   2   |  fe80::/64  |    ::   |   enp0s3  |   U   |
[   17.192445] cloud-init[669]: ci-info: |   4   |    local    |    ::   |   enp0s3  |   U   |
[   17.193230] cloud-init[669]: ci-info: |   5   |    local    |    ::   |   enp0s8  |   U   |
[   17.194380] cloud-init[669]: ci-info: |   6   |   ff00::/8  |    ::   |   enp0s8  |   U   |
[   17.195560] cloud-init[669]: ci-info: |   7   |   ff00::/8  |    ::   |   enp0s3  |   U   |
[   17.197234] cloud-init[669]: ci-info: +-------+-------------+---------+-----------+-------+
[[0;32m  OK  [0m] Started Initial cloud-init job (metadata service crawler).
[[0;32m  OK  [0m] Reached target Cloud-config availability.
[[0;32m  OK  [0m] Reached target System Initialization.
[[0;32m  OK  [0m] Started Daily Cleanup of Temporary Directories.
[[0;32m  OK  [0m] Started Ubuntu Advantage Timer for running repeated jobs.
[[0;32m  OK  [0m] Listening on ACPID Listen Socket.
         Starting Socket activation for snappy daemon.
[[0;32m  OK  [0m] Listening on Open-iSCSI iscsid Socket.
[[0;32m  OK  [0m] Started Discard unused blocks once a week.
[[0;32m  OK  [0m] Listening on UUID daemon activation socket.
[[0;32m  OK  [0m] Listening on cloud-init hotplug hook socket.
[[0;32m  OK  [0m] Started Daily apt download activities.
[[0;32m  OK  [0m] Started Daily apt upgrade and clean activities.
[[0;32m  OK  [0m] Started ACPI Events Check.
[[0;32m  OK  [0m] Reached target Paths.
[[0;32m  OK  [0m] Started Message of the Day.
[[0;32m  OK  [0m] Reached target Timers.
         Starting LXD - unix socket.
[[0;32m  OK  [0m] Listening on D-Bus System Message Bus Socket.
[[0;32m  OK  [0m] Reached target Network is Online.
[[0;32m  OK  [0m] Reached target Remote File Systems (Pre).
         Starting Availability of block devices...
         Mounting /vagrant...
[[0;32m  OK  [0m] Listening on Socket activation for snappy daemon.
[[0;32m  OK  [0m] Listening on LXD - unix socket.
[[0;32m  OK  [0m] Started Availability of block devices.
[[0;32m  OK  [0m] Mounted /vagrant.
[[0;32m  OK  [0m] Reached target Remote File Systems.
[[0;32m  OK  [0m] Reached target Sockets.
[[0;32m  OK  [0m] Reached target Basic System.
         Starting LSB: Record successful boot for GRUB...
         Starting System Logging Service...
         Starting Virtualbox guest utils...
         Starting Permit User Sessions...
[[0;32m  OK  [0m] Started FUSE filesystem for LXC.
         Starting LXD - container startup/shutdown...
         Starting Accounts Service...
[[0;32m  OK  [0m] Started irqbalance daemon.
         Starting Login Service...
         Starting Dispatcher daemon for systemd-networkd...
[[0;32m  OK  [0m] Started Deferred execution scheduler.
         Starting LSB: automatic crash report generation...
[[0;32m  OK  [0m] Reached target Login Prompts (Pre).
[[0;32m  OK  [0m] Started Regular background program processing daemon.
[[0;32m  OK  [0m] Started D-Bus System Message Bus.
[[0;32m  OK  [0m] Started Login Service.
[[0;32m  OK  [0m] Started Unattended Upgrades Shutdown.
         Starting OpenBSD Secure Shell server...
         Starting Snap Daemon...
[[0;32m  OK  [0m] Started System Logging Service.
[[0;32m  OK  [0m] Started Permit User Sessions.
[[0;32m  OK  [0m] Started LXD - container startup/shutdown.
         Starting Authorization Manager...
         Starting Terminate Plymouth Boot Screen...
         Starting Hold until boot process finishes up...
[[0;32m  OK  [0m] Started Hold until boot process finishes up.
[[0;32m  OK  [0m] Started Serial Getty on ttyS0.
         Starting Set console scheme...
[[0;32m  OK  [0m] Started Terminate Plymouth Boot Screen.
[[0;32m  OK  [0m] Started OpenBSD Secure Shell server.
[[0;32m  OK  [0m] Started LSB: Record successful boot for GRUB.
[[0;32m  OK  [0m] Started LSB: automatic crash report generation.
[[0;32m  OK  [0m] Started Set console scheme.
[[0;32m  OK  [0m] Created slice system-getty.slice.
[[0;32m  OK  [0m] Started Getty on tty1.
[[0;32m  OK  [0m] Reached target Login Prompts.
[[0;32m  OK  [0m] Started Authorization Manager.
[[0;32m  OK  [0m] Started Accounts Service.
[[0;32m  OK  [0m] Started Virtualbox guest utils.
[[0;32m  OK  [0m] Created slice User Slice of vagrant.
[[0;32m  OK  [0m] Started Dispatcher daemon for systemd-networkd.
[[0;32m  OK  [0m] Started Session 1 of user vagrant.
         Starting User Manager for UID 1000...
[[0;32m  OK  [0m] Started Snap Daemon.
         Starting Wait until snapd is fully seeded...
         Starting Time & Date Service...
[[0;32m  OK  [0m] Started User Manager for UID 1000.
[[0;32m  OK  [0m] Started Time & Date Service.
[[0;32m  OK  [0m] Started Wait until snapd is fully seeded.
         Starting Apply the settings specified in cloud-config...
[   20.661462] cloud-init[1119]: Cloud-init v. 23.1.2-0ubuntu0~18.04.1 running 'modules:config' at Thu, 22 Aug 2024 04:17:31 +0000. Up 20.49 seconds.
[[0;32m  OK  [0m] Started Apply the settings specified in cloud-config.
[[0;32m  OK  [0m] Reached target Multi-User System.
[[0;32m  OK  [0m] Reached target Graphical Interface.
         Starting Update UTMP about System Runlevel Changes...
         Starting Execute cloud user/final scripts...
[[0;32m  OK  [0m] Started Update UTMP about System Runlevel Changes.
[   22.683283] cloud-init[1215]: Cloud-init v. 23.1.2-0ubuntu0~18.04.1 running 'modules:final' at Thu, 22 Aug 2024 04:17:32 +0000. Up 22.17 seconds.
[   22.700480] cloud-init[1215]: Cloud-init v. 23.1.2-0ubuntu0~18.04.1 finished at Thu, 22 Aug 2024 04:17:33 +0000. Datasource DataSourceNoCloud [seed=/dev/sdb][dsmode=net].  Up 22.67 seconds
[[0;32m  OK  [0m] Started Execute cloud user/final scripts.
[[0;32m  OK  [0m] Reached target Cloud-init target.
         Starting Daily apt download activities...
         Starting Update APT News...
         Starting Update the local ESM caches...

Ubuntu 18.04.6 LTS web03 ttyS0

web03 login: 